# JRE version: OpenJDK Runtime Environment (11.0.8) (build 11.0.8-internal+0-adhoc..jdk11u)
# Java VM: OpenJDK 64-Bit Server VM (11.0.8-internal+0-adhoc..jdk11u, mixed mode, tiered, compressed oops, g1 gc, windows-amd64)
Heap:
 garbage-first heap   total 260096K, used 77596K [0x0000000702600000, 0x0000000800000000)
  region size 1024K, 71 young (72704K), 3 survivors (3072K)
 Metaspace       used 29695K, capacity 30562K, committed 30768K, reserved 1077248K
  class space    used 3583K, capacity 3914K, committed 3968K, reserved 1048576K
GC Heap History (6 events):
Event: 0.561 GC heap before
{Heap before GC invocations=0 (full 0):
 garbage-first heap   total 260096K, used 24576K [0x0000000702600000, 0x0000000800000000)
  region size 1024K, 24 young (24576K), 0 survivors (0K)
 Metaspace       used 12474K, capacity 12797K, committed 13056K, reserved 1060864K
  class space    used 1366K, capacity 1467K, committed 1536K, reserved 1048576K
}
Event: 0.564 GC heap after
{Heap after GC invocations=1 (full 0):
 garbage-first heap   total 260096K, used 7226K [0x0000000702600000, 0x0000000800000000)
  region size 1024K, 3 young (3072K), 3 survivors (3072K)
 Metaspace       used 12474K, capacity 12797K, committed 13056K, reserved 1060864K
  class space    used 1366K, capacity 1467K, committed 1536K, reserved 1048576K
}
Event: 0.919 GC heap before
{Heap before GC invocations=1 (full 0):
 garbage-first heap   total 260096K, used 43066K [0x0000000702600000, 0x0000000800000000)
  region size 1024K, 39 young (39936K), 3 survivors (3072K)
 Metaspace       used 20563K, capacity 21142K, committed 21296K, reserved 1069056K
  class space    used 2404K, capacity 2641K, committed 2688K, reserved 1048576K
}
Event: 0.924 GC heap after
{Heap after GC invocations=2 (full 0):
 garbage-first heap   total 260096K, used 8752K [0x0000000702600000, 0x0000000800000000)
  region size 1024K, 5 young (5120K), 5 survivors (5120K)
 Metaspace       used 20563K, capacity 21142K, committed 21296K, reserved 1069056K
  class space    used 2404K, capacity 2641K, committed 2688K, reserved 1048576K
}
Event: 1.082 GC heap before
{Heap before GC invocations=3 (full 0):
 garbage-first heap   total 260096K, used 45616K [0x0000000702600000, 0x0000000800000000)
  region size 1024K, 42 young (43008K), 5 survivors (5120K)
 Metaspace       used 23215K, capacity 23784K, committed 23984K, reserved 1071104K
  class space    used 2750K, capacity 2991K, committed 3072K, reserved 1048576K
}
Event: 1.087 GC heap after
{Heap after GC invocations=4 (full 0):
 garbage-first heap   total 260096K, used 10012K [0x0000000702600000, 0x0000000800000000)
  region size 1024K, 3 young (3072K), 3 survivors (3072K)
 Metaspace       used 23215K, capacity 23784K, committed 23984K, reserved 1071104K
  class space    used 2750K, capacity 2991K, committed 3072K, reserved 1048576K
}

